# JRE version: OpenJDK Runtime Environment (11.0.13) (build 11.0.13+0-b1751.21-8125866)
# Java VM: OpenJDK 64-Bit Server VM (11.0.13+0-b1751.21-8125866, mixed mode, tiered, compressed oops, g1 gc, windows-amd64)
Heap:
 garbage-first heap   total 260096K, used 154799K [0x0000000080000000, 0x0000000100000000)
  region size 1024K, 61 young (62464K), 7 survivors (7168K)
 Metaspace       used 133282K, capacity 138058K, committed 139344K, reserved 1169408K
  class space    used 16242K, capacity 17975K, committed 19104K, reserved 1048576K
GC Heap History (20 events):
Event: 7359.268 GC heap before
{Heap before GC invocations=124 (full 0):
 garbage-first heap   total 260096K, used 109196K [0x0000000080000000, 0x0000000100000000)
  region size 1024K, 13 young (13312K), 2 survivors (2048K)
 Metaspace       used 131624K, capacity 136394K, committed 137680K, reserved 1167360K
  class space    used 16132K, capacity 17859K, committed 18976K, reserved 1048576K
}
Event: 7359.274 GC heap after
{Heap after GC invocations=125 (full 0):
 garbage-first heap   total 260096K, used 101226K [0x0000000080000000, 0x0000000100000000)
  region size 1024K, 3 young (3072K), 3 survivors (3072K)
 Metaspace       used 131624K, capacity 136394K, committed 137680K, reserved 1167360K
  class space    used 16132K, capacity 17859K, committed 18976K, reserved 1048576K
}
Event: 7359.989 GC heap before
{Heap before GC invocations=126 (full 0):
 garbage-first heap   total 260096K, used 191338K [0x0000000080000000, 0x0000000100000000)
  region size 1024K, 89 young (91136K), 3 survivors (3072K)
 Metaspace       used 131819K, capacity 136531K, committed 137680K, reserved 1167360K
  class space    used 16135K, capacity 17859K, committed 18976K, reserved 1048576K
}
Event: 7359.995 GC heap after
{Heap after GC invocations=127 (full 0):
 garbage-first heap   total 260096K, used 108791K [0x0000000080000000, 0x0000000100000000)
  region size 1024K, 9 young (9216K), 9 survivors (9216K)
 Metaspace       used 131819K, capacity 136531K, committed 137680K, reserved 1167360K
  class space    used 16135K, capacity 17859K, committed 18976K, reserved 1048576K
}
Event: 7359.998 GC heap before
{Heap before GC invocations=127 (full 0):
 garbage-first heap   total 260096K, used 111863K [0x0000000080000000, 0x0000000100000000)
  region size 1024K, 12 young (12288K), 9 survivors (9216K)
 Metaspace       used 131819K, capacity 136531K, committed 137680K, reserved 1167360K
  class space    used 16135K, capacity 17859K, committed 18976K, reserved 1048576K
}
Event: 7360.005 GC heap after
{Heap after GC invocations=128 (full 0):
 garbage-first heap   total 260096K, used 97771K [0x0000000080000000, 0x0000000100000000)
  region size 1024K, 2 young (2048K), 2 survivors (2048K)
 Metaspace       used 131819K, capacity 136531K, committed 137680K, reserved 1167360K
  class space    used 16135K, capacity 17859K, committed 18976K, reserved 1048576K
}
Event: 7360.093 GC heap before
{Heap before GC invocations=128 (full 0):
 garbage-first heap   total 260096K, used 120299K [0x0000000080000000, 0x0000000100000000)
  region size 1024K, 26 young (26624K), 2 survivors (2048K)
 Metaspace       used 131881K, capacity 136601K, committed 137936K, reserved 1169408K
  class space    used 16135K, capacity 17859K, committed 18976K, reserved 1048576K
}
Event: 7360.097 GC heap after
{Heap after GC invocations=129 (full 0):
 garbage-first heap   total 260096K, used 98209K [0x0000000080000000, 0x0000000100000000)
  region size 1024K, 2 young (2048K), 2 survivors (2048K)
 Metaspace       used 131881K, capacity 136601K, committed 137936K, reserved 1169408K
  class space    used 16135K, capacity 17859K, committed 18976K, reserved 1048576K
}
Event: 8005.146 GC heap before
{Heap before GC invocations=130 (full 0):
 garbage-first heap   total 260096K, used 211873K [0x0000000080000000, 0x0000000100000000)
  region size 1024K, 99 young (101376K), 2 survivors (2048K)
 Metaspace       used 132780K, capacity 137594K, committed 138832K, reserved 1169408K
  class space    used 16237K, capacity 17974K, committed 19104K, reserved 1048576K
}
Event: 8005.152 GC heap after
{Heap after GC invocations=131 (full 0):
 garbage-first heap   total 260096K, used 103354K [0x0000000080000000, 0x0000000100000000)
  region size 1024K, 7 young (7168K), 7 survivors (7168K)
 Metaspace       used 132780K, capacity 137594K, committed 138832K, reserved 1169408K
  class space    used 16237K, capacity 17974K, committed 19104K, reserved 1048576K
}
Event: 8006.244 GC heap before
{Heap before GC invocations=131 (full 0):
 garbage-first heap   total 260096K, used 108474K [0x0000000080000000, 0x0000000100000000)
  region size 1024K, 12 young (12288K), 7 survivors (7168K)
 Metaspace       used 132780K, capacity 137594K, committed 138832K, reserved 1169408K
  class space    used 16237K, capacity 17974K, committed 19104K, reserved 1048576K
}
Event: 8006.252 GC heap after
{Heap after GC invocations=132 (full 0):
 garbage-first heap   total 260096K, used 103749K [0x0000000080000000, 0x0000000100000000)
  region size 1024K, 2 young (2048K), 2 survivors (2048K)
 Metaspace       used 132780K, capacity 137594K, committed 138832K, reserved 1169408K
  class space    used 16237K, capacity 17974K, committed 19104K, reserved 1048576K
}
Event: 8006.376 GC heap before
{Heap before GC invocations=132 (full 0):
 garbage-first heap   total 260096K, used 141637K [0x0000000080000000, 0x0000000100000000)
  region size 1024K, 41 young (41984K), 2 survivors (2048K)
 Metaspace       used 132818K, capacity 137595K, committed 138832K, reserved 1169408K
  class space    used 16237K, capacity 17974K, committed 19104K, reserved 1048576K
}
Event: 8006.383 GC heap after
{Heap after GC invocations=133 (full 0):
 garbage-first heap   total 260096K, used 105907K [0x0000000080000000, 0x0000000100000000)
  region size 1024K, 4 young (4096K), 4 survivors (4096K)
 Metaspace       used 132818K, capacity 137595K, committed 138832K, reserved 1169408K
  class space    used 16237K, capacity 17974K, committed 19104K, reserved 1048576K
}
Event: 8022.162 GC heap before
{Heap before GC invocations=134 (full 0):
 garbage-first heap   total 260096K, used 218547K [0x0000000080000000, 0x0000000100000000)
  region size 1024K, 101 young (103424K), 4 survivors (4096K)
 Metaspace       used 133115K, capacity 137927K, committed 139088K, reserved 1169408K
  class space    used 16241K, capacity 17975K, committed 19104K, reserved 1048576K
}
Event: 8022.168 GC heap after
{Heap after GC invocations=135 (full 0):
 garbage-first heap   total 260096K, used 108573K [0x0000000080000000, 0x0000000100000000)
  region size 1024K, 7 young (7168K), 7 survivors (7168K)
 Metaspace       used 133115K, capacity 137927K, committed 139088K, reserved 1169408K
  class space    used 16241K, capacity 17975K, committed 19104K, reserved 1048576K
}
Event: 8022.199 GC heap before
{Heap before GC invocations=135 (full 0):
 garbage-first heap   total 260096K, used 112669K [0x0000000080000000, 0x0000000100000000)
  region size 1024K, 12 young (12288K), 7 survivors (7168K)
 Metaspace       used 133127K, capacity 137928K, committed 139088K, reserved 1169408K
  class space    used 16241K, capacity 17975K, committed 19104K, reserved 1048576K
}
Event: 8022.210 GC heap after
{Heap after GC invocations=136 (full 0):
 garbage-first heap   total 260096K, used 95885K [0x0000000080000000, 0x0000000100000000)
  region size 1024K, 1 young (1024K), 1 survivors (1024K)
 Metaspace       used 133127K, capacity 137928K, committed 139088K, reserved 1169408K
  class space    used 16241K, capacity 17975K, committed 19104K, reserved 1048576K
}
Event: 8059.419 GC heap before
{Heap before GC invocations=136 (full 0):
 garbage-first heap   total 260096K, used 205453K [0x0000000080000000, 0x0000000100000000)
  region size 1024K, 109 young (111616K), 1 survivors (1024K)
 Metaspace       used 133210K, capacity 137929K, committed 139088K, reserved 1169408K
  class space    used 16242K, capacity 17975K, committed 19104K, reserved 1048576K
}
Event: 8059.433 GC heap after
{Heap after GC invocations=137 (full 0):
 garbage-first heap   total 260096K, used 101551K [0x0000000080000000, 0x0000000100000000)
  region size 1024K, 7 young (7168K), 7 survivors (7168K)
 Metaspace       used 133210K, capacity 137929K, committed 139088K, reserved 1169408K
  class space    used 16242K, capacity 17975K, committed 19104K, reserved 1048576K
}

